<?xml version="1.0" encoding="UTF-8"?>
<!-- Generated by org.testng.reporters.JUnitXMLReporter -->
<testsuite ignored="0" hostname="DESKTOP-MR4E6NK" failures="0" tests="4" name="Default test" time="2.321" errors="0" timestamp="2023-07-22T19:47:48 IST">
  <testcase classname="DynamicJson" name="addBook" time="1.897"/>
  <testcase classname="DynamicJson" name="addBook" time="0.115"/>
  <testcase classname="DynamicJson" name="addBook" time="0.134"/>
  <testcase classname="DynamicJson" name="addBook" time="0.132"/>
</testsuite> <!-- Default test -->
