<?xml version="1.0" encoding="UTF-8"?>
<!-- Generated by org.testng.reporters.JUnitXMLReporter -->
<testsuite ignored="0" hostname="DESKTOP-MR4E6NK" failures="0" tests="4" name="Default test" time="4.984" errors="0" timestamp="2023-07-22T18:35:47 IST">
  <testcase classname="DynamicJson" name="addBook" time="4.472"/>
  <testcase classname="DynamicJson" name="addBook" time="0.143"/>
  <testcase classname="DynamicJson" name="addBook" time="0.126"/>
  <testcase classname="DynamicJson" name="addBook" time="0.135"/>
</testsuite> <!-- Default test -->
